info it worked if it ends with ok
verbose cli [ 'node', '/usr/local/bin/npm', 'publish', '--force' ]
info using npm@1.0.105
info using node@v0.4.12
verbose config file /Users/craig/.npmrc
verbose config file /usr/local/etc/npmrc
verbose config file /usr/local/lib/node_modules/npm/npmrc
verbose publish [ '.' ]
silly testEngine { name: 'gridly',
silly testEngine   descriptions: 'Grid JQuery plugin',
silly testEngine   version: '0.0.2',
silly testEngine   author: { name: 'Craig Condon', email: 'craig@spiceapps.com' },
silly testEngine   repository: 
silly testEngine    { type: 'git',
silly testEngine      url: 'git://github.com/spiceapps/gridly.git' },
silly testEngine   main: './gridly.js',
silly testEngine   _npmUser: 
silly testEngine    { name: 'architectd',
silly testEngine      email: 'craig.j.condon@gmail.com' },
silly testEngine   _id: 'gridly@0.0.2',
silly testEngine   dependencies: {},
silly testEngine   devDependencies: {},
silly testEngine   engines: { node: '*' },
silly testEngine   _engineSupported: true,
silly testEngine   _npmVersion: '1.0.105',
silly testEngine   _nodeVersion: 'v0.4.12',
silly testEngine   _defaultsLoaded: true,
silly testEngine   scripts: {} }
verbose caching /Users/craig/Dropbox/Developer/Public/Gridly/package.json
verbose loadDefaults gridly@0.0.2
info prepublish gridly@0.0.2
verbose cache add [ '.', null ]
silly cache add: name, spec, args [ undefined, '.', [ '.', null ] ]
verbose parsed url { pathname: '.', href: '.' }
silly testEngine { name: 'gridly',
silly testEngine   descriptions: 'Grid JQuery plugin',
silly testEngine   version: '0.0.2',
silly testEngine   author: { name: 'Craig Condon', email: 'craig@spiceapps.com' },
silly testEngine   repository: 
silly testEngine    { type: 'git',
silly testEngine      url: 'git://github.com/spiceapps/gridly.git' },
silly testEngine   main: './gridly.js',
silly testEngine   _npmUser: 
silly testEngine    { name: 'architectd',
silly testEngine      email: 'craig.j.condon@gmail.com' },
silly testEngine   _id: 'gridly@0.0.2',
silly testEngine   dependencies: {},
silly testEngine   devDependencies: {},
silly testEngine   engines: { node: '*' },
silly testEngine   _engineSupported: true,
silly testEngine   _npmVersion: '1.0.105',
silly testEngine   _nodeVersion: 'v0.4.12',
silly testEngine   _defaultsLoaded: true,
silly testEngine   path: '/Users/craig/Dropbox/Developer/Public/Gridly' }
verbose caching package.json
verbose loadDefaults gridly@0.0.2
verbose pack /Users/craig/Dropbox/Developer/Public/Gridly /var/folders/n1/r96x64mx6jzcbzkbz1ddrw6r0000gn/T/npm-1321309939292/1321309939292-0.824053279357031/tmp.tgz
silly makeList /Users/craig/Dropbox/Developer/Public/Gridly
verbose mkdir (expected) error ENOENT, No such file or directory '/var/folders/n1/r96x64mx6jzcbzkbz1ddrw6r0000gn/T/npm-1321309939292'
verbose mkdir (expected) error ENOENT, No such file or directory '/var/folders/n1/r96x64mx6jzcbzkbz1ddrw6r0000gn/T/npm-1321309939292/1321309939292-0.824053279357031'
verbose mkdir done: /var/folders/n1/r96x64mx6jzcbzkbz1ddrw6r0000gn/T/npm-1321309939292/1321309939292-0.824053279357031 755
verbose mkdir'ed /var/folders/n1/r96x64mx6jzcbzkbz1ddrw6r0000gn/T/npm-1321309939292/1321309939292-0.824053279357031
verbose tar about to write tar and gzip it.
silly tar args [ '-czvf', '-', '-T', '-' ]
silly spawning [ 'tar',
silly spawning   [ '-czvf', '-', '-T', '-' ],
silly spawning   '/Users/craig/Dropbox/Developer/Public' ]
verbose mkdir (expected) error ENOENT, No such file or directory '/var/folders/n1/r96x64mx6jzcbzkbz1ddrw6r0000gn/T/npm-1321309939292/1321309939292-0.824053279357031/contents'
verbose mkdir (expected) error ENOENT, No such file or directory '/var/folders/n1/r96x64mx6jzcbzkbz1ddrw6r0000gn/T/npm-1321309939292/1321309939292-0.824053279357031/contents/___package.npm'
verbose mkdir done: /var/folders/n1/r96x64mx6jzcbzkbz1ddrw6r0000gn/T/npm-1321309939292/1321309939292-0.824053279357031/contents/___package.npm 755
verbose unpack_ uid, gid [ undefined, undefined ]
verbose unpackTarget /var/folders/n1/r96x64mx6jzcbzkbz1ddrw6r0000gn/T/npm-1321309939292/1321309939292-0.824053279357031/contents/package
silly gunzTarPerm modes [ '755', '644' ]
silly spawning [ 'tar',
silly spawning   [ '-zmvxpf',
silly spawning     '/var/folders/n1/r96x64mx6jzcbzkbz1ddrw6r0000gn/T/npm-1321309939292/1321309939292-0.824053279357031/tmp.tgz' ],
silly spawning   '/var/folders/n1/r96x64mx6jzcbzkbz1ddrw6r0000gn/T/npm-1321309939292/1321309939292-0.824053279357031/contents/___package.npm' ]
silly tar err x Gridly/.cupboard
silly tar err x Gridly/.gitignore
silly tar err x Gridly/gridly.js
silly tar err x Gridly/package.json
silly tar err x Gridly/project.tmproj
silly tar exit 0
silly asyncMap in gTP /var/folders/n1/r96x64mx6jzcbzkbz1ddrw6r0000gn/T/npm-1321309939292/1321309939292-0.824053279357031/contents/___package.npm/Gridly
silly asyncMap in gTP /var/folders/n1/r96x64mx6jzcbzkbz1ddrw6r0000gn/T/npm-1321309939292/1321309939292-0.824053279357031/contents/___package.npm/Gridly/.cupboard
silly asyncMap in gTP /var/folders/n1/r96x64mx6jzcbzkbz1ddrw6r0000gn/T/npm-1321309939292/1321309939292-0.824053279357031/contents/___package.npm/Gridly/.gitignore
silly asyncMap in gTP /var/folders/n1/r96x64mx6jzcbzkbz1ddrw6r0000gn/T/npm-1321309939292/1321309939292-0.824053279357031/contents/___package.npm/Gridly/gridly.js
silly asyncMap in gTP /var/folders/n1/r96x64mx6jzcbzkbz1ddrw6r0000gn/T/npm-1321309939292/1321309939292-0.824053279357031/contents/___package.npm/Gridly/package.json
silly asyncMap in gTP /var/folders/n1/r96x64mx6jzcbzkbz1ddrw6r0000gn/T/npm-1321309939292/1321309939292-0.824053279357031/contents/___package.npm/Gridly/project.tmproj
verbose gunzed /var/folders/n1/r96x64mx6jzcbzkbz1ddrw6r0000gn/T/npm-1321309939292/1321309939292-0.824053279357031/contents/___package.npm/Gridly
verbose rm'ed /var/folders/n1/r96x64mx6jzcbzkbz1ddrw6r0000gn/T/npm-1321309939292/1321309939292-0.824053279357031/contents/package
verbose renamed [ '/var/folders/n1/r96x64mx6jzcbzkbz1ddrw6r0000gn/T/npm-1321309939292/1321309939292-0.824053279357031/contents/___package.npm/Gridly',
verbose renamed   '/var/folders/n1/r96x64mx6jzcbzkbz1ddrw6r0000gn/T/npm-1321309939292/1321309939292-0.824053279357031/contents/package' ]
silly testEngine { name: 'gridly',
silly testEngine   descriptions: 'Grid JQuery plugin',
silly testEngine   version: '0.0.2',
silly testEngine   author: { name: 'Craig Condon', email: 'craig@spiceapps.com' },
silly testEngine   repository: 
silly testEngine    { type: 'git',
silly testEngine      url: 'git://github.com/spiceapps/gridly.git' },
silly testEngine   main: './gridly.js',
silly testEngine   _npmUser: 
silly testEngine    { name: 'architectd',
silly testEngine      email: 'craig.j.condon@gmail.com' },
silly testEngine   _id: 'gridly@0.0.2',
silly testEngine   dependencies: {},
silly testEngine   devDependencies: {},
silly testEngine   engines: { node: '*' },
silly testEngine   _engineSupported: true,
silly testEngine   _npmVersion: '1.0.105',
silly testEngine   _nodeVersion: 'v0.4.12',
silly testEngine   _defaultsLoaded: true,
silly testEngine   path: '/var/folders/n1/r96x64mx6jzcbzkbz1ddrw6r0000gn/T/npm-1321309939292/1321309939292-0.824053279357031/contents/package' }
verbose caching /var/folders/n1/r96x64mx6jzcbzkbz1ddrw6r0000gn/T/npm-1321309939292/1321309939292-0.824053279357031/contents/package/package.json
verbose loadDefaults gridly@0.0.2
verbose tarball contents [ 'package' ]
verbose from cache /var/folders/n1/r96x64mx6jzcbzkbz1ddrw6r0000gn/T/npm-1321309939292/1321309939292-0.824053279357031/contents/package/package.json
verbose pack /var/folders/n1/r96x64mx6jzcbzkbz1ddrw6r0000gn/T/npm-1321309939292/1321309939292-0.824053279357031/contents/package /Users/craig/.npm/gridly/0.0.2/package.tgz
silly makeList /var/folders/n1/r96x64mx6jzcbzkbz1ddrw6r0000gn/T/npm-1321309939292/1321309939292-0.824053279357031/contents/package
verbose mkdir'ed /Users/craig/.npm/gridly/0.0.2
verbose tar about to write tar and gzip it.
silly tar args [ '-czvf', '-', '-T', '-' ]
silly spawning [ 'tar',
silly spawning   [ '-czvf', '-', '-T', '-' ],
silly spawning   '/var/folders/n1/r96x64mx6jzcbzkbz1ddrw6r0000gn/T/npm-1321309939292/1321309939292-0.824053279357031/contents' ]
verbose mkdir (expected) error ENOENT, No such file or directory '/Users/craig/.npm/gridly/0.0.2/___package.npm'
verbose mkdir done: /Users/craig/.npm/gridly/0.0.2/___package.npm 755
verbose unpack_ uid, gid [ undefined, undefined ]
verbose unpackTarget /Users/craig/.npm/gridly/0.0.2/package
silly gunzTarPerm modes [ '755', '644' ]
silly spawning [ 'tar',
silly spawning   [ '-zmvxpf',
silly spawning     '/Users/craig/.npm/gridly/0.0.2/package.tgz' ],
silly spawning   '/Users/craig/.npm/gridly/0.0.2/___package.npm' ]
silly tar err x package/.cupboard
silly tar err x package/.gitignore
silly tar err x package/gridly.js
silly tar err x package/package.json
silly tar err x package/project.tmproj
silly tar exit 0
silly asyncMap in gTP /Users/craig/.npm/gridly/0.0.2/___package.npm/package
silly asyncMap in gTP /Users/craig/.npm/gridly/0.0.2/___package.npm/package/.cupboard
silly asyncMap in gTP /Users/craig/.npm/gridly/0.0.2/___package.npm/package/.gitignore
silly asyncMap in gTP /Users/craig/.npm/gridly/0.0.2/___package.npm/package/gridly.js
silly asyncMap in gTP /Users/craig/.npm/gridly/0.0.2/___package.npm/package/package.json
silly asyncMap in gTP /Users/craig/.npm/gridly/0.0.2/___package.npm/package/project.tmproj
verbose gunzed /Users/craig/.npm/gridly/0.0.2/___package.npm/package
verbose rm'ed /Users/craig/.npm/gridly/0.0.2/package
verbose renamed [ '/Users/craig/.npm/gridly/0.0.2/___package.npm/package',
verbose renamed   '/Users/craig/.npm/gridly/0.0.2/package' ]
silly testEngine { name: 'gridly',
silly testEngine   descriptions: 'Grid JQuery plugin',
silly testEngine   version: '0.0.2',
silly testEngine   author: { name: 'Craig Condon', email: 'craig@spiceapps.com' },
silly testEngine   repository: 
silly testEngine    { type: 'git',
silly testEngine      url: 'git://github.com/spiceapps/gridly.git' },
silly testEngine   main: './gridly.js',
silly testEngine   _npmUser: 
silly testEngine    { name: 'architectd',
silly testEngine      email: 'craig.j.condon@gmail.com' },
silly testEngine   _id: 'gridly@0.0.2',
silly testEngine   dependencies: {},
silly testEngine   devDependencies: {},
silly testEngine   engines: { node: '*' },
silly testEngine   _engineSupported: true,
silly testEngine   _npmVersion: '1.0.105',
silly testEngine   _nodeVersion: 'v0.4.12',
silly testEngine   _defaultsLoaded: true,
silly testEngine   dist: 
silly testEngine    { shasum: '09d9f9b5abd65d2d0e67891ae461d3f396e88a5f',
silly testEngine      tarball: 'http://registry.npmjs.org/gridly/-/gridly-0.0.2.tgz' } }
verbose caching /Users/craig/.npm/gridly/0.0.2/package/package.json
verbose loadDefaults gridly@0.0.2
silly updated sha bytes 10240
info shasum 02514f1f90a35b14209ab35500eb2c0b17639769
info shasum /Users/craig/.npm/gridly/0.0.2/package.tgz
verbose from cache /Users/craig/.npm/gridly/0.0.2/package/package.json
verbose chmod /Users/craig/.npm/gridly/0.0.2/package.tgz 644
verbose chown [ '/Users/craig/.npm/gridly/0.0.2/package.tgz',
verbose chown   501,
verbose chown   20 ]
silly publish { name: 'gridly',
silly publish   descriptions: 'Grid JQuery plugin',
silly publish   version: '0.0.2',
silly publish   author: { name: 'Craig Condon', email: 'craig@spiceapps.com' },
silly publish   repository: 
silly publish    { type: 'git',
silly publish      url: 'git://github.com/spiceapps/gridly.git' },
silly publish   main: './gridly.js',
silly publish   _npmUser: 
silly publish    { name: 'architectd',
silly publish      email: 'craig.j.condon@gmail.com' },
silly publish   _id: 'gridly@0.0.2',
silly publish   dependencies: {},
silly publish   devDependencies: {},
silly publish   engines: { node: '*' },
silly publish   _engineSupported: true,
silly publish   _npmVersion: '1.0.105',
silly publish   _nodeVersion: 'v0.4.12',
silly publish   _defaultsLoaded: true,
silly publish   dist: 
silly publish    { shasum: '09d9f9b5abd65d2d0e67891ae461d3f396e88a5f',
silly publish      tarball: 'http://registry.npmjs.org/gridly/-/gridly-0.0.2.tgz' } }
verbose PUT gridly
verbose raw, before any munging gridly
verbose url resolving [ 'https://registry.npmjs.org/', './gridly' ]
verbose url resolved https://registry.npmjs.org/gridly
verbose GET gridly
verbose raw, before any munging gridly
verbose url resolving [ 'https://registry.npmjs.org/', './gridly' ]
verbose url resolved https://registry.npmjs.org/gridly
info Already published gridly@0.0.2
verbose uploading bin dists []
WARN publish Forced publish over gridly@0.0.2
verbose GET gridly
verbose raw, before any munging gridly
verbose url resolving [ 'https://registry.npmjs.org/', './gridly' ]
verbose url resolved https://registry.npmjs.org/gridly
verbose etag "83WJRNYMRF5A1UGE2L8Y2FAVG"
silly get cb [ 304,
silly get cb   { server: 'CouchDB/1.1.0 (Erlang OTP/R14B04)',
silly get cb     etag: '"83WJRNYMRF5A1UGE2L8Y2FAVG"',
silly get cb     date: 'Mon, 14 Nov 2011 22:32:39 GMT',
silly get cb     'content-length': '0' } ]
verbose etag gridly from cache
verbose removing attachments { shasum: 'e939a1fee132740954a19bc2be0de1466e771b41',
verbose removing attachments   tarball: 'http://registry.npmjs.org/gridly/-/gridly-0.0.2.tgz' }
info unpublish No versions remain, removing entire package
verbose DELETE gridly/-rev/3-08f9713d15f9886a2fac432637ba88e0
verbose raw, before any munging gridly/-rev/3-08f9713d15f9886a2fac432637ba88e0
verbose url resolving [ 'https://registry.npmjs.org/',
verbose url resolving   './gridly/-rev/3-08f9713d15f9886a2fac432637ba88e0' ]
verbose url resolved https://registry.npmjs.org/gridly/-rev/3-08f9713d15f9886a2fac432637ba88e0
verbose publish [ '.' ]
verbose from cache /Users/craig/Dropbox/Developer/Public/Gridly/package.json
info prepublish gridly@0.0.2
verbose cache add [ '.', null ]
silly cache add: name, spec, args [ undefined, '.', [ '.', null ] ]
verbose parsed url { pathname: '.', href: '.' }
verbose from cache package.json
verbose pack /Users/craig/Dropbox/Developer/Public/Gridly /var/folders/n1/r96x64mx6jzcbzkbz1ddrw6r0000gn/T/npm-1321309939292/1321309960500-0.2429966158233583/tmp.tgz
silly makeList /Users/craig/Dropbox/Developer/Public/Gridly
verbose mkdir (expected) error ENOENT, No such file or directory '/var/folders/n1/r96x64mx6jzcbzkbz1ddrw6r0000gn/T/npm-1321309939292/1321309960500-0.2429966158233583'
verbose mkdir done: /var/folders/n1/r96x64mx6jzcbzkbz1ddrw6r0000gn/T/npm-1321309939292/1321309960500-0.2429966158233583 755
verbose mkdir'ed /var/folders/n1/r96x64mx6jzcbzkbz1ddrw6r0000gn/T/npm-1321309939292/1321309960500-0.2429966158233583
verbose tar about to write tar and gzip it.
silly tar args [ '-czvf', '-', '-T', '-' ]
silly spawning [ 'tar',
silly spawning   [ '-czvf', '-', '-T', '-' ],
silly spawning   '/Users/craig/Dropbox/Developer/Public' ]
verbose mkdir (expected) error ENOENT, No such file or directory '/var/folders/n1/r96x64mx6jzcbzkbz1ddrw6r0000gn/T/npm-1321309939292/1321309960500-0.2429966158233583/contents'
verbose mkdir (expected) error ENOENT, No such file or directory '/var/folders/n1/r96x64mx6jzcbzkbz1ddrw6r0000gn/T/npm-1321309939292/1321309960500-0.2429966158233583/contents/___package.npm'
verbose mkdir done: /var/folders/n1/r96x64mx6jzcbzkbz1ddrw6r0000gn/T/npm-1321309939292/1321309960500-0.2429966158233583/contents/___package.npm 755
verbose unpack_ uid, gid [ undefined, undefined ]
verbose unpackTarget /var/folders/n1/r96x64mx6jzcbzkbz1ddrw6r0000gn/T/npm-1321309939292/1321309960500-0.2429966158233583/contents/package
silly gunzTarPerm modes [ '755', '644' ]
silly spawning [ 'tar',
silly spawning   [ '-zmvxpf',
silly spawning     '/var/folders/n1/r96x64mx6jzcbzkbz1ddrw6r0000gn/T/npm-1321309939292/1321309960500-0.2429966158233583/tmp.tgz' ],
silly spawning   '/var/folders/n1/r96x64mx6jzcbzkbz1ddrw6r0000gn/T/npm-1321309939292/1321309960500-0.2429966158233583/contents/___package.npm' ]
silly tar err x Gridly/.cupboard
silly tar err x Gridly/.gitignore
silly tar err x Gridly/gridly.js
silly tar err x Gridly/package.json
silly tar err x Gridly/project.tmproj
silly tar exit 0
silly asyncMap in gTP /var/folders/n1/r96x64mx6jzcbzkbz1ddrw6r0000gn/T/npm-1321309939292/1321309960500-0.2429966158233583/contents/___package.npm/Gridly
silly asyncMap in gTP /var/folders/n1/r96x64mx6jzcbzkbz1ddrw6r0000gn/T/npm-1321309939292/1321309960500-0.2429966158233583/contents/___package.npm/Gridly/.cupboard
silly asyncMap in gTP /var/folders/n1/r96x64mx6jzcbzkbz1ddrw6r0000gn/T/npm-1321309939292/1321309960500-0.2429966158233583/contents/___package.npm/Gridly/.gitignore
silly asyncMap in gTP /var/folders/n1/r96x64mx6jzcbzkbz1ddrw6r0000gn/T/npm-1321309939292/1321309960500-0.2429966158233583/contents/___package.npm/Gridly/package.json
silly asyncMap in gTP /var/folders/n1/r96x64mx6jzcbzkbz1ddrw6r0000gn/T/npm-1321309939292/1321309960500-0.2429966158233583/contents/___package.npm/Gridly/gridly.js
silly asyncMap in gTP /var/folders/n1/r96x64mx6jzcbzkbz1ddrw6r0000gn/T/npm-1321309939292/1321309960500-0.2429966158233583/contents/___package.npm/Gridly/project.tmproj
verbose gunzed /var/folders/n1/r96x64mx6jzcbzkbz1ddrw6r0000gn/T/npm-1321309939292/1321309960500-0.2429966158233583/contents/___package.npm/Gridly
verbose rm'ed /var/folders/n1/r96x64mx6jzcbzkbz1ddrw6r0000gn/T/npm-1321309939292/1321309960500-0.2429966158233583/contents/package
verbose renamed [ '/var/folders/n1/r96x64mx6jzcbzkbz1ddrw6r0000gn/T/npm-1321309939292/1321309960500-0.2429966158233583/contents/___package.npm/Gridly',
verbose renamed   '/var/folders/n1/r96x64mx6jzcbzkbz1ddrw6r0000gn/T/npm-1321309939292/1321309960500-0.2429966158233583/contents/package' ]
silly testEngine { name: 'gridly',
silly testEngine   descriptions: 'Grid JQuery plugin',
silly testEngine   version: '0.0.2',
silly testEngine   author: { name: 'Craig Condon', email: 'craig@spiceapps.com' },
silly testEngine   repository: 
silly testEngine    { type: 'git',
silly testEngine      url: 'git://github.com/spiceapps/gridly.git' },
silly testEngine   main: './gridly.js',
silly testEngine   _npmUser: 
silly testEngine    { name: 'architectd',
silly testEngine      email: 'craig.j.condon@gmail.com' },
silly testEngine   _id: 'gridly@0.0.2',
silly testEngine   dependencies: {},
silly testEngine   devDependencies: {},
silly testEngine   engines: { node: '*' },
silly testEngine   _engineSupported: true,
silly testEngine   _npmVersion: '1.0.105',
silly testEngine   _nodeVersion: 'v0.4.12',
silly testEngine   _defaultsLoaded: true,
silly testEngine   path: '/var/folders/n1/r96x64mx6jzcbzkbz1ddrw6r0000gn/T/npm-1321309939292/1321309960500-0.2429966158233583/contents/package' }
verbose caching /var/folders/n1/r96x64mx6jzcbzkbz1ddrw6r0000gn/T/npm-1321309939292/1321309960500-0.2429966158233583/contents/package/package.json
verbose loadDefaults gridly@0.0.2
verbose tarball contents [ 'package' ]
verbose from cache /var/folders/n1/r96x64mx6jzcbzkbz1ddrw6r0000gn/T/npm-1321309939292/1321309960500-0.2429966158233583/contents/package/package.json
verbose pack /var/folders/n1/r96x64mx6jzcbzkbz1ddrw6r0000gn/T/npm-1321309939292/1321309960500-0.2429966158233583/contents/package /Users/craig/.npm/gridly/0.0.2/package.tgz
silly makeList /var/folders/n1/r96x64mx6jzcbzkbz1ddrw6r0000gn/T/npm-1321309939292/1321309960500-0.2429966158233583/contents/package
verbose mkdir (expected) error ENOENT, No such file or directory '/Users/craig/.npm/gridly'
verbose mkdir (expected) error ENOENT, No such file or directory '/Users/craig/.npm/gridly/0.0.2'
verbose mkdir done: /Users/craig/.npm/gridly/0.0.2 755
verbose mkdir'ed /Users/craig/.npm/gridly/0.0.2
verbose tar about to write tar and gzip it.
silly tar args [ '-czvf', '-', '-T', '-' ]
silly spawning [ 'tar',
silly spawning   [ '-czvf', '-', '-T', '-' ],
silly spawning   '/var/folders/n1/r96x64mx6jzcbzkbz1ddrw6r0000gn/T/npm-1321309939292/1321309960500-0.2429966158233583/contents' ]
verbose mkdir (expected) error ENOENT, No such file or directory '/Users/craig/.npm/gridly/0.0.2/___package.npm'
verbose mkdir done: /Users/craig/.npm/gridly/0.0.2/___package.npm 755
verbose unpack_ uid, gid [ undefined, undefined ]
verbose unpackTarget /Users/craig/.npm/gridly/0.0.2/package
silly gunzTarPerm modes [ '755', '644' ]
silly spawning [ 'tar',
silly spawning   [ '-zmvxpf',
silly spawning     '/Users/craig/.npm/gridly/0.0.2/package.tgz' ],
silly spawning   '/Users/craig/.npm/gridly/0.0.2/___package.npm' ]
silly tar err x package/.cupboard
silly tar err x package/.gitignore
silly tar err x package/gridly.js
silly tar err x package/package.json
silly tar err x package/project.tmproj
silly tar exit 0
silly asyncMap in gTP /Users/craig/.npm/gridly/0.0.2/___package.npm/package
silly asyncMap in gTP /Users/craig/.npm/gridly/0.0.2/___package.npm/package/.cupboard
silly asyncMap in gTP /Users/craig/.npm/gridly/0.0.2/___package.npm/package/.gitignore
silly asyncMap in gTP /Users/craig/.npm/gridly/0.0.2/___package.npm/package/gridly.js
silly asyncMap in gTP /Users/craig/.npm/gridly/0.0.2/___package.npm/package/package.json
silly asyncMap in gTP /Users/craig/.npm/gridly/0.0.2/___package.npm/package/project.tmproj
verbose gunzed /Users/craig/.npm/gridly/0.0.2/___package.npm/package
verbose rm'ed /Users/craig/.npm/gridly/0.0.2/package
verbose renamed [ '/Users/craig/.npm/gridly/0.0.2/___package.npm/package',
verbose renamed   '/Users/craig/.npm/gridly/0.0.2/package' ]
verbose from cache /Users/craig/.npm/gridly/0.0.2/package/package.json
silly updated sha bytes 10240
info shasum 09d9f9b5abd65d2d0e67891ae461d3f396e88a5f
info shasum /Users/craig/.npm/gridly/0.0.2/package.tgz
verbose from cache /Users/craig/.npm/gridly/0.0.2/package/package.json
verbose chmod /Users/craig/.npm/gridly/0.0.2/package.tgz 644
verbose chown [ '/Users/craig/.npm/gridly/0.0.2/package.tgz',
verbose chown   501,
verbose chown   20 ]
silly publish { name: 'gridly',
silly publish   descriptions: 'Grid JQuery plugin',
silly publish   version: '0.0.2',
silly publish   author: { name: 'Craig Condon', email: 'craig@spiceapps.com' },
silly publish   repository: 
silly publish    { type: 'git',
silly publish      url: 'git://github.com/spiceapps/gridly.git' },
silly publish   main: './gridly.js',
silly publish   _npmUser: 
silly publish    { name: 'architectd',
silly publish      email: 'craig.j.condon@gmail.com' },
silly publish   _id: 'gridly@0.0.2',
silly publish   dependencies: {},
silly publish   devDependencies: {},
silly publish   engines: { node: '*' },
silly publish   _engineSupported: true,
silly publish   _npmVersion: '1.0.105',
silly publish   _nodeVersion: 'v0.4.12',
silly publish   _defaultsLoaded: true,
silly publish   dist: 
silly publish    { shasum: '09d9f9b5abd65d2d0e67891ae461d3f396e88a5f',
silly publish      tarball: 'http://registry.npmjs.org/gridly/-/gridly-0.0.2.tgz' } }
verbose PUT gridly
verbose raw, before any munging gridly
verbose url resolving [ 'https://registry.npmjs.org/', './gridly' ]
verbose url resolved https://registry.npmjs.org/gridly
verbose GET gridly
verbose raw, before any munging gridly
verbose url resolving [ 'https://registry.npmjs.org/', './gridly' ]
verbose url resolved https://registry.npmjs.org/gridly
verbose PUT gridly/0.0.2/-tag/latest
verbose raw, before any munging gridly/0.0.2/-tag/latest
verbose url resolving [ 'https://registry.npmjs.org/',
verbose url resolving   './gridly/0.0.2/-tag/latest' ]
verbose url resolved https://registry.npmjs.org/gridly/0.0.2/-tag/latest
ERR! Error sending version data
ERR! Error: forbidden 0.0.2 is modified, should match modified time: gridly/0.0.2/-tag/latest
ERR!     at Request._callback (/usr/local/lib/node_modules/npm/lib/utils/npm-registry-client/request.js:180:12)
ERR!     at Request.callback (/usr/local/lib/node_modules/npm/node_modules/request/main.js:99:22)
ERR!     at Request.<anonymous> (/usr/local/lib/node_modules/npm/node_modules/request/main.js:361:18)
ERR!     at Request.emit (events.js:64:17)
ERR!     at IncomingMessage.<anonymous> (/usr/local/lib/node_modules/npm/node_modules/request/main.js:327:16)
ERR!     at IncomingMessage.emit (events.js:81:20)
ERR!     at HTTPParser.onMessageComplete (http.js:133:23)
ERR!     at CleartextStream.ondata (http.js:1231:22)
ERR!     at CleartextStream._push (tls.js:303:27)
ERR!     at SecurePair.cycle (tls.js:577:20)
ERR! Report this *entire* log at:
ERR!     <http://github.com/isaacs/npm/issues>
ERR! or email it to:
ERR!     <npm-@googlegroups.com>
ERR! 
ERR! System Darwin 11.2.0
ERR! command "node" "/usr/local/bin/npm" "publish" "--force"
ERR! cwd /Users/craig/Dropbox/Developer/Public/Gridly
ERR! node -v v0.4.12
ERR! npm -v 1.0.105
verbose exit [ 1, true ]
